<?xml version="1.0" encoding="utf-8"?><testsuites name="pytest tests"><testsuite name="pytest" errors="0" failures="0" skipped="0" tests="25" time="4.568" timestamp="2026-04-21T09:15:51.981117+00:00" hostname="agent-env-25ef74f8-d1fa-495d-9678-2392c931c987"><testcase classname="backend.tests.test_master_data.TestMasterCompanies" name="test_unauthenticated" time="0.126" /><testcase classname="backend.tests.test_master_data.TestMasterCompanies" name="test_list" time="0.439" /><testcase classname="backend.tests.test_master_data.TestMasterFunctions" name="test_unauthenticated" time="0.101" /><testcase classname="backend.tests.test_master_data.TestMasterFunctions" name="test_list" time="0.103" /><testcase classname="backend.tests.test_master_data.TestMasterBusinessUnits" name="test_unauthenticated" time="0.113" /><testcase classname="backend.tests.test_master_data.TestMasterBusinessUnits" name="test_list_and_company_link" time="0.206" /><testcase classname="backend.tests.test_master_data.TestMasterLevels" name="test_unauthenticated" time="0.109" /><testcase classname="backend.tests.test_master_data.TestMasterLevels" name="test_list_and_order" time="0.110" /><testcase classname="backend.tests.test_master_data.TestMasterAll" name="test_unauthenticated" time="0.112" /><testcase classname="backend.tests.test_master_data.TestMasterAll" name="test_aggregated" time="0.105" /><testcase classname="backend.tests.test_master_data.TestEmployeeDenorm" name="test_forbidden_for_manager" time="0.506" /><testcase classname="backend.tests.test_master_data.TestEmployeeDenorm" name="test_forbidden_for_employee" time="0.441" /><testcase classname="backend.tests.test_master_data.TestEmployeeDenorm" name="test_unauthenticated" time="0.099" /><testcase classname="backend.tests.test_master_data.TestEmployeeDenorm" name="test_denormalization_with_master_ids" time="0.410" /><testcase classname="backend.tests.test_master_data.TestEmployeeDenorm" name="test_legacy_payload_without_master_ids" time="0.104" /><testcase classname="backend.tests.test_master_data.TestEmployeeDenorm" name="test_unknown_master_ids_gracefully_ignored" time="0.099" /><testcase classname="backend.tests.test_master_data.TestSeedIdempotency" name="test_repeated_calls_constant_counts" time="0.225" /><testcase classname="backend.tests.test_master_data.TestSeedIdempotency" name="test_no_duplicate_company_codes" time="0.110" /><testcase classname="backend.tests.test_master_data.TestSeedIdempotency" name="test_no_duplicate_bu_codes" time="0.103" /><testcase classname="backend.tests.test_master_data.TestSeedIdempotency" name="test_no_duplicate_level_codes" time="0.095" /><testcase classname="backend.tests.test_master_data.TestRegression" name="test_login" time="0.324" /><testcase classname="backend.tests.test_master_data.TestRegression" name="test_cases" time="0.101" /><testcase classname="backend.tests.test_master_data.TestRegression" name="test_capabilities" time="0.103" /><testcase classname="backend.tests.test_master_data.TestRegression" name="test_employees" time="0.109" /><testcase classname="backend.tests.test_master_data.TestRegression" name="test_dashboard_summary" time="0.101" /></testsuite></testsuites>