<?xml version="1.0" encoding="utf-8"?><testsuites name="pytest tests"><testsuite name="pytest" errors="0" failures="0" skipped="0" tests="64" time="74.512" timestamp="2026-04-21T09:18:35.969721+00:00" hostname="agent-env-25ef74f8-d1fa-495d-9678-2392c931c987"><testcase classname="backend.tests.backend_test.TestAuth" name="test_login_all_accounts" time="3.081" /><testcase classname="backend.tests.backend_test.TestAuth" name="test_login_invalid" time="0.097" /><testcase classname="backend.tests.backend_test.TestAuth" name="test_me_roles" time="0.618" /><testcase classname="backend.tests.backend_test.TestAuth" name="test_me_without_token" time="0.104" /><testcase classname="backend.tests.backend_test.TestAuth" name="test_me_invalid_token" time="0.099" /><testcase classname="backend.tests.backend_test.TestSeed" name="test_capabilities" time="0.108" /><testcase classname="backend.tests.backend_test.TestSeed" name="test_employees" time="0.103" /><testcase classname="backend.tests.backend_test.TestCases" name="test_admin_sees_all" time="0.104" /><testcase classname="backend.tests.backend_test.TestCases" name="test_employee_sees_own" time="0.104" /><testcase classname="backend.tests.backend_test.TestCases" name="test_manager_sees_assigned" time="0.091" /><testcase classname="backend.tests.backend_test.TestCases" name="test_panel_sees_assigned" time="0.101" /><testcase classname="backend.tests.backend_test.TestCases" name="test_get_case_enriched" time="0.099" /><testcase classname="backend.tests.backend_test.TestCases" name="test_get_case_404" time="0.107" /><testcase classname="backend.tests.backend_test.TestCases" name="test_employee_cannot_create" time="0.216" /><testcase classname="backend.tests.backend_test.TestCases" name="test_unauthenticated_cases" time="0.124" /><testcase classname="backend.tests.backend_test.TestCases" name="test_admin_create_duplicate_blocked" time="0.211" /><testcase classname="backend.tests.backend_test.TestLaunchReopen" name="test_launch_case_stage" time="0.109" /><testcase classname="backend.tests.backend_test.TestLaunchReopen" name="test_launch_panel_stage" time="0.106" /><testcase classname="backend.tests.backend_test.TestLaunchReopen" name="test_non_admin_cannot_reopen" time="0.105" /><testcase classname="backend.tests.backend_test.TestLaunchReopen" name="test_admin_reopen_all_forms" time="0.415" /><testcase classname="backend.tests.backend_test.TestLaunchReopen" name="test_reopen_invalid_form" time="0.103" /><testcase classname="backend.tests.backend_test.TestForms" name="test_employee_form_get_put_submit_lock" time="0.616" /><testcase classname="backend.tests.backend_test.TestForms" name="test_manager_form_submit_lock" time="0.417" /><testcase classname="backend.tests.backend_test.TestForms" name="test_stakeholder_mine_flow" time="0.316" /><testcase classname="backend.tests.backend_test.TestForms" name="test_panel_mine_flow" time="0.459" /><testcase classname="backend.tests.backend_test.TestForms" name="test_hr_flow" time="0.299" /><testcase classname="backend.tests.backend_test.TestDashboard" name="test_dashboard_admin" time="0.100" /><testcase classname="backend.tests.backend_test.TestDashboard" name="test_status_matrix" time="0.106" /><testcase classname="backend.tests.backend_test.TestDashboard" name="test_audit_logs" time="0.107" /><testcase classname="backend.tests.backend_test.TestAI" name="test_ai_write_improve" time="1.850" /><testcase classname="backend.tests.backend_test.TestAI" name="test_ai_analyze_types[quick_brief]" time="9.295" /><testcase classname="backend.tests.backend_test.TestAI" name="test_ai_analyze_types[bias_check]" time="22.429" /><testcase classname="backend.tests.backend_test.TestAI" name="test_ai_analyze_types[capability_gap]" time="13.005" /><testcase classname="backend.tests.backend_test.TestAI" name="test_ai_analyze_types[stakeholder_suggest]" time="13.420" /><testcase classname="backend.tests.backend_test.TestAI" name="test_ai_analyze_unknown_case" time="0.134" /><testcase classname="backend.tests.backend_test.TestAI" name="test_ai_latest" time="0.117" /><testcase classname="backend.tests.backend_test.TestDocuments" name="test_upload_list_download_delete" time="0.988" /><testcase classname="backend.tests.backend_test.TestDocuments" name="test_upload_bad_doc_type" time="0.100" /><testcase classname="backend.tests.backend_test.TestDocuments" name="test_upload_case_not_found" time="0.114" /><testcase classname="backend.tests.test_master_data.TestMasterCompanies" name="test_unauthenticated" time="0.116" /><testcase classname="backend.tests.test_master_data.TestMasterCompanies" name="test_list" time="0.416" /><testcase classname="backend.tests.test_master_data.TestMasterFunctions" name="test_unauthenticated" time="0.098" /><testcase classname="backend.tests.test_master_data.TestMasterFunctions" name="test_list" time="0.104" /><testcase classname="backend.tests.test_master_data.TestMasterBusinessUnits" name="test_unauthenticated" time="0.109" /><testcase classname="backend.tests.test_master_data.TestMasterBusinessUnits" name="test_list_and_company_link" time="0.215" /><testcase classname="backend.tests.test_master_data.TestMasterLevels" name="test_unauthenticated" time="0.112" /><testcase classname="backend.tests.test_master_data.TestMasterLevels" name="test_list_and_order" time="0.101" /><testcase classname="backend.tests.test_master_data.TestMasterAll" name="test_unauthenticated" time="0.105" /><testcase classname="backend.tests.test_master_data.TestMasterAll" name="test_aggregated" time="0.103" /><testcase classname="backend.tests.test_master_data.TestEmployeeDenorm" name="test_forbidden_for_manager" time="0.439" /><testcase classname="backend.tests.test_master_data.TestEmployeeDenorm" name="test_forbidden_for_employee" time="0.495" /><testcase classname="backend.tests.test_master_data.TestEmployeeDenorm" name="test_unauthenticated" time="0.110" /><testcase classname="backend.tests.test_master_data.TestEmployeeDenorm" name="test_denormalization_with_master_ids" time="0.313" /><testcase classname="backend.tests.test_master_data.TestEmployeeDenorm" name="test_legacy_payload_without_master_ids" time="0.100" /><testcase classname="backend.tests.test_master_data.TestEmployeeDenorm" name="test_unknown_master_ids_gracefully_ignored" time="0.104" /><testcase classname="backend.tests.test_master_data.TestSeedIdempotency" name="test_repeated_calls_constant_counts" time="0.214" /><testcase classname="backend.tests.test_master_data.TestSeedIdempotency" name="test_no_duplicate_company_codes" time="0.100" /><testcase classname="backend.tests.test_master_data.TestSeedIdempotency" name="test_no_duplicate_bu_codes" time="0.094" /><testcase classname="backend.tests.test_master_data.TestSeedIdempotency" name="test_no_duplicate_level_codes" time="0.108" /><testcase classname="backend.tests.test_master_data.TestRegression" name="test_login" time="0.341" /><testcase classname="backend.tests.test_master_data.TestRegression" name="test_cases" time="0.099" /><testcase classname="backend.tests.test_master_data.TestRegression" name="test_capabilities" time="0.110" /><testcase classname="backend.tests.test_master_data.TestRegression" name="test_employees" time="0.101" /><testcase classname="backend.tests.test_master_data.TestRegression" name="test_dashboard_summary" time="0.101" /></testsuite></testsuites>