<?xml version="1.0" encoding="utf-8"?><testsuites name="pytest tests"><testsuite name="pytest" errors="0" failures="0" skipped="0" tests="39" time="64.386" timestamp="2026-04-21T07:09:02.064224+00:00" hostname="agent-env-25ef74f8-d1fa-495d-9678-2392c931c987"><testcase classname="backend.tests.backend_test.TestAuth" name="test_login_all_accounts" time="3.043" /><testcase classname="backend.tests.backend_test.TestAuth" name="test_login_invalid" time="0.106" /><testcase classname="backend.tests.backend_test.TestAuth" name="test_me_roles" time="0.666" /><testcase classname="backend.tests.backend_test.TestAuth" name="test_me_without_token" time="1.115" /><testcase classname="backend.tests.backend_test.TestAuth" name="test_me_invalid_token" time="0.107" /><testcase classname="backend.tests.backend_test.TestSeed" name="test_capabilities" time="0.131" /><testcase classname="backend.tests.backend_test.TestSeed" name="test_employees" time="0.106" /><testcase classname="backend.tests.backend_test.TestCases" name="test_admin_sees_all" time="0.113" /><testcase classname="backend.tests.backend_test.TestCases" name="test_employee_sees_own" time="0.103" /><testcase classname="backend.tests.backend_test.TestCases" name="test_manager_sees_assigned" time="0.115" /><testcase classname="backend.tests.backend_test.TestCases" name="test_panel_sees_assigned" time="0.113" /><testcase classname="backend.tests.backend_test.TestCases" name="test_get_case_enriched" time="0.101" /><testcase classname="backend.tests.backend_test.TestCases" name="test_get_case_404" time="0.130" /><testcase classname="backend.tests.backend_test.TestCases" name="test_employee_cannot_create" time="0.237" /><testcase classname="backend.tests.backend_test.TestCases" name="test_unauthenticated_cases" time="0.102" /><testcase classname="backend.tests.backend_test.TestCases" name="test_admin_create_duplicate_blocked" time="0.203" /><testcase classname="backend.tests.backend_test.TestLaunchReopen" name="test_launch_case_stage" time="0.105" /><testcase classname="backend.tests.backend_test.TestLaunchReopen" name="test_launch_panel_stage" time="0.107" /><testcase classname="backend.tests.backend_test.TestLaunchReopen" name="test_non_admin_cannot_reopen" time="0.108" /><testcase classname="backend.tests.backend_test.TestLaunchReopen" name="test_admin_reopen_all_forms" time="0.431" /><testcase classname="backend.tests.backend_test.TestLaunchReopen" name="test_reopen_invalid_form" time="0.123" /><testcase classname="backend.tests.backend_test.TestForms" name="test_employee_form_get_put_submit_lock" time="2.688" /><testcase classname="backend.tests.backend_test.TestForms" name="test_manager_form_submit_lock" time="0.439" /><testcase classname="backend.tests.backend_test.TestForms" name="test_stakeholder_mine_flow" time="0.329" /><testcase classname="backend.tests.backend_test.TestForms" name="test_panel_mine_flow" time="0.434" /><testcase classname="backend.tests.backend_test.TestForms" name="test_hr_flow" time="0.304" /><testcase classname="backend.tests.backend_test.TestDashboard" name="test_dashboard_admin" time="0.102" /><testcase classname="backend.tests.backend_test.TestDashboard" name="test_status_matrix" time="0.105" /><testcase classname="backend.tests.backend_test.TestDashboard" name="test_audit_logs" time="0.102" /><testcase classname="backend.tests.backend_test.TestAI" name="test_ai_write_improve" time="3.491" /><testcase classname="backend.tests.backend_test.TestAI" name="test_ai_analyze_types[quick_brief]" time="8.727" /><testcase classname="backend.tests.backend_test.TestAI" name="test_ai_analyze_types[bias_check]" time="18.057" /><testcase classname="backend.tests.backend_test.TestAI" name="test_ai_analyze_types[capability_gap]" time="8.777" /><testcase classname="backend.tests.backend_test.TestAI" name="test_ai_analyze_types[stakeholder_suggest]" time="11.869" /><testcase classname="backend.tests.backend_test.TestAI" name="test_ai_analyze_unknown_case" time="0.215" /><testcase classname="backend.tests.backend_test.TestAI" name="test_ai_latest" time="0.107" /><testcase classname="backend.tests.backend_test.TestDocuments" name="test_upload_list_download_delete" time="0.983" /><testcase classname="backend.tests.backend_test.TestDocuments" name="test_upload_bad_doc_type" time="0.111" /><testcase classname="backend.tests.backend_test.TestDocuments" name="test_upload_case_not_found" time="0.102" /></testsuite></testsuites>